<?xml version="1.0" encoding="UTF-8"?>
<testng-results ignored="0" total="6" passed="6" failed="0" skipped="0">
  <reporter-output>
  </reporter-output>
  <suite started-at="2020-09-05T11:44:13 EDT" name="Default suite" finished-at="2020-09-05T11:45:33 EDT" duration-ms="79761">
    <groups>
      <group name="admin">
        <method signature="runframeworktestng.TC_0005()[pri:5, instance:testngframework.runframeworktestng@7995092a]" name="TC_0005" class="testngframework.runframeworktestng"/>
        <method signature="runframeworktestng.TC_0006()[pri:6, instance:testngframework.runframeworktestng@7995092a]" name="TC_0006" class="testngframework.runframeworktestng"/>
      </group> <!-- admin -->
      <group name="login">
        <method signature="runframeworktestng.TC_0001()[pri:1, instance:testngframework.runframeworktestng@7995092a]" name="TC_0001" class="testngframework.runframeworktestng"/>
        <method signature="runframeworktestng.TC_0002()[pri:2, instance:testngframework.runframeworktestng@7995092a]" name="TC_0002" class="testngframework.runframeworktestng"/>
        <method signature="runframeworktestng.TC_0003()[pri:3, instance:testngframework.runframeworktestng@7995092a]" name="TC_0003" class="testngframework.runframeworktestng"/>
        <method signature="runframeworktestng.TC_0004()[pri:4, instance:testngframework.runframeworktestng@7995092a]" name="TC_0004" class="testngframework.runframeworktestng"/>
      </group> <!-- login -->
    </groups>
    <test started-at="2020-09-05T11:44:13 EDT" name="Default test" finished-at="2020-09-05T11:45:33 EDT" duration-ms="79761">
      <class name="testngframework.runframeworktestng">
        <test-method signature="TC_0001()[pri:1, instance:testngframework.runframeworktestng@7995092a]" started-at="2020-09-05T11:44:13 EDT" name="TC_0001" finished-at="2020-09-05T11:44:31 EDT" duration-ms="17949" status="PASS">
          <reporter-output>
          </reporter-output>
        </test-method> <!-- TC_0001 -->
        <test-method signature="TC_0002()[pri:2, instance:testngframework.runframeworktestng@7995092a]" started-at="2020-09-05T11:44:31 EDT" name="TC_0002" finished-at="2020-09-05T11:44:38 EDT" duration-ms="6577" status="PASS">
          <reporter-output>
          </reporter-output>
        </test-method> <!-- TC_0002 -->
        <test-method signature="TC_0003()[pri:3, instance:testngframework.runframeworktestng@7995092a]" started-at="2020-09-05T11:44:38 EDT" name="TC_0003" finished-at="2020-09-05T11:44:49 EDT" duration-ms="10803" status="PASS">
          <reporter-output>
          </reporter-output>
        </test-method> <!-- TC_0003 -->
        <test-method signature="TC_0004()[pri:4, instance:testngframework.runframeworktestng@7995092a]" started-at="2020-09-05T11:44:49 EDT" name="TC_0004" finished-at="2020-09-05T11:44:55 EDT" duration-ms="6270" status="PASS">
          <reporter-output>
          </reporter-output>
        </test-method> <!-- TC_0004 -->
        <test-method signature="TC_0005()[pri:5, instance:testngframework.runframeworktestng@7995092a]" started-at="2020-09-05T11:44:55 EDT" name="TC_0005" finished-at="2020-09-05T11:45:15 EDT" duration-ms="19778" status="PASS">
          <reporter-output>
          </reporter-output>
        </test-method> <!-- TC_0005 -->
        <test-method signature="TC_0006()[pri:6, instance:testngframework.runframeworktestng@7995092a]" started-at="2020-09-05T11:45:15 EDT" name="TC_0006" finished-at="2020-09-05T11:45:33 EDT" duration-ms="18340" status="PASS">
          <reporter-output>
          </reporter-output>
        </test-method> <!-- TC_0006 -->
      </class> <!-- testngframework.runframeworktestng -->
    </test> <!-- Default test -->
  </suite> <!-- Default suite -->
</testng-results>
