<?xml version="1.0" encoding="UTF-8"?>
<!-- Generated by org.testng.reporters.JUnitXMLReporter -->
<testsuite ignored="0" hostname="DESKTOP-AJO179A" failures="0" tests="6" name="Default test" time="79.761" errors="0" timestamp="2020-09-05T11:45:33 EDT">
  <testcase classname="testngframework.runframeworktestng" name="TC_0001" time="17.949"/>
  <testcase classname="testngframework.runframeworktestng" name="TC_0002" time="6.577"/>
  <testcase classname="testngframework.runframeworktestng" name="TC_0003" time="10.803"/>
  <testcase classname="testngframework.runframeworktestng" name="TC_0004" time="6.27"/>
  <testcase classname="testngframework.runframeworktestng" name="TC_0005" time="19.778"/>
  <testcase classname="testngframework.runframeworktestng" name="TC_0006" time="18.34"/>
</testsuite> <!-- Default test -->
